[1019/184409.514:ERROR:directory_reader_win.cc(43)] FindFirstFile: ??????? ?? ??????? ????? ????????? ????. (0x3)
[1105/180656.641:ERROR:directory_reader_win.cc(43)] FindFirstFile: ??????? ?? ??????? ????? ????????? ????. (0x3)
[1108/190110.219:ERROR:directory_reader_win.cc(43)] FindFirstFile: ??????? ?? ??????? ????? ????????? ????. (0x3)
[1108/192145.497:ERROR:directory_reader_win.cc(43)] FindFirstFile: ??????? ?? ??????? ????? ????????? ????. (0x3)
[1119/141253.555:ERROR:directory_reader_win.cc(43)] FindFirstFile: ??????? ?? ??????? ????? ????????? ????. (0x3)
[1119/142759.501:ERROR:directory_reader_win.cc(43)] FindFirstFile: ??????? ?? ??????? ????? ????????? ????. (0x3)
[1119/151908.679:ERROR:directory_reader_win.cc(43)] FindFirstFile: ??????? ?? ??????? ????? ????????? ????. (0x3)
[1119/173239.872:ERROR:directory_reader_win.cc(43)] FindFirstFile: ??????? ?? ??????? ????? ????????? ????. (0x3)
[1119/174832.880:ERROR:directory_reader_win.cc(43)] FindFirstFile: ??????? ?? ??????? ????? ????????? ????. (0x3)
[1120/101201.172:ERROR:directory_reader_win.cc(43)] FindFirstFile: ??????? ?? ??????? ????? ????????? ????. (0x3)
[1120/132052.462:ERROR:directory_reader_win.cc(43)] FindFirstFile: ??????? ?? ??????? ????? ????????? ????. (0x3)
[1120/134546.872:ERROR:directory_reader_win.cc(43)] FindFirstFile: ??????? ?? ??????? ????? ????????? ????. (0x3)
[1120/145644.135:ERROR:directory_reader_win.cc(43)] FindFirstFile: ??????? ?? ??????? ????? ????????? ????. (0x3)
[1120/155338.243:ERROR:directory_reader_win.cc(43)] FindFirstFile: ??????? ?? ??????? ????? ????????? ????. (0x3)
[1120/173524.817:ERROR:directory_reader_win.cc(43)] FindFirstFile: ??????? ?? ??????? ????? ????????? ????. (0x3)
[1123/180622.244:ERROR:directory_reader_win.cc(43)] FindFirstFile: ??????? ?? ??????? ????? ????????? ????. (0x3)
[1213/165328.316:ERROR:directory_reader_win.cc(43)] FindFirstFile: ??????? ?? ??????? ????? ????????? ????. (0x3)
[1213/171439.069:ERROR:directory_reader_win.cc(43)] FindFirstFile: ??????? ?? ??????? ????? ????????? ????. (0x3)
[1213/171840.190:ERROR:directory_reader_win.cc(43)] FindFirstFile: ??????? ?? ??????? ????? ????????? ????. (0x3)
[1213/181704.913:ERROR:directory_reader_win.cc(43)] FindFirstFile: ??????? ?? ??????? ????? ????????? ????. (0x3)
[1213/184108.596:ERROR:directory_reader_win.cc(43)] FindFirstFile: ??????? ?? ??????? ????? ????????? ????. (0x3)
[1213/193329.976:ERROR:directory_reader_win.cc(43)] FindFirstFile: ??????? ?? ??????? ????? ????????? ????. (0x3)
[1213/201540.167:ERROR:directory_reader_win.cc(43)] FindFirstFile: ??????? ?? ??????? ????? ????????? ????. (0x3)
[1213/202857.496:ERROR:directory_reader_win.cc(43)] FindFirstFile: ??????? ?? ??????? ????? ????????? ????. (0x3)
[1214/125758.751:ERROR:directory_reader_win.cc(43)] FindFirstFile: ??????? ?? ??????? ????? ????????? ????. (0x3)
[1215/093931.635:ERROR:directory_reader_win.cc(43)] FindFirstFile: ??????? ?? ??????? ????? ????????? ????. (0x3)
[1215/115343.621:ERROR:directory_reader_win.cc(43)] FindFirstFile: ??????? ?? ??????? ????? ????????? ????. (0x3)
[1215/122621.221:ERROR:directory_reader_win.cc(43)] FindFirstFile: ??????? ?? ??????? ????? ????????? ????. (0x3)
[1217/141818.280:ERROR:directory_reader_win.cc(43)] FindFirstFile: ??????? ?? ??????? ????? ????????? ????. (0x3)
[1217/142930.766:ERROR:directory_reader_win.cc(43)] FindFirstFile: ??????? ?? ??????? ????? ????????? ????. (0x3)
[1217/143654.375:ERROR:directory_reader_win.cc(43)] FindFirstFile: ??????? ?? ??????? ????? ????????? ????. (0x3)
[1231/113934.373:ERROR:directory_reader_win.cc(43)] FindFirstFile: ??????? ?? ??????? ????? ????????? ????. (0x3)
[0107/163110.236:ERROR:file_io_win.cc(162)] CreateFile C:\Users\V8F7D~1.MUZ\AppData\Local\Temp\scoped_dir15372_1005784302\Crashpad\settings.dat: ??????? ?? ??????? ????? ????????? ????. (0x3)
[0107/163110.241:ERROR:file_io_win.cc(171)] CreateFile C:\Users\V8F7D~1.MUZ\AppData\Local\Temp\scoped_dir15372_1005784302\Crashpad\reports\b9522294-dcf7-4749-959d-1487d65c80d1.dmp: ??????? ?? ??????? ????? ????????? ????. (0x3)
[0107/163110.241:ERROR:crash_report_exception_handler.cc(99)] PrepareNewCrashReport failed
[0107/163511.337:ERROR:file_io_win.cc(162)] CreateFile C:\Users\V8F7D~1.MUZ\AppData\Local\Temp\scoped_dir8164_1630836637\Crashpad\settings.dat: ?? ??????? ????? ????????? ????. (0x2)
